Arguments: 
  /usr/local/bin/node /Users/ihyelin/.yarn/bin/yarn.js add React

PATH: 
  /Users/ihyelin/.yarn/bin:/Users/ihyelin/.config/yarn/global/node_modules/.bin:/opt/homebrew/bin:/Users/ihyelin/opt/anaconda3/bin:/Users/ihyelin/opt/anaconda3/condabin:/Library/Frameworks/Python.framework/Versions/3.11/bin:/Library/Frameworks/Python.framework/Versions/3.10/bin:/usr/local/bin:/usr/bin:/bin:/usr/sbin:/sbin:/Applications/ARM/bin:/usr/local/share/dotnet:/opt/X11/bin:~/.dotnet/tools:/Library/Apple/usr/bin:/Library/Frameworks/Mono.framework/Versions/Current/Commands:/Users/ihyelin/Downloads/frontend-chaehyun 2/node_modules/.bin:/Users/ihyelin/Desktop/flutter/bin:/Users/ihyelin/opt/anaconda3/bin:/Users/ihyelin/opt/anaconda3/condabin:/Library/Frameworks/Python.framework/Versions/3.11/bin:/Library/Frameworks/Python.framework/Versions/3.10/bin:/usr/local/bin:/usr/bin:/bin:/usr/sbin:/sbin:/Applications/ARM/bin:/usr/local/share/dotnet:/opt/X11/bin:~/.dotnet/tools:/Library/Apple/usr/bin:/Library/Frameworks/Mono.framework/Versions/Current/Commands:/Users/ihyelin/Downloads/frontend-chaehyun 2/node_modules/.bin

Yarn version: 
  1.22.19

Node version: 
  16.16.0

Platform: 
  darwin arm64

Trace: 
  Error: https://registry.yarnpkg.com/React: Not found
      at Request.params.callback [as _callback] (/Users/ihyelin/.yarn/lib/cli.js:66145:18)
      at Request.self.callback (/Users/ihyelin/.yarn/lib/cli.js:140890:22)
      at Request.emit (node:events:527:28)
      at Request.<anonymous> (/Users/ihyelin/.yarn/lib/cli.js:141862:10)
      at Request.emit (node:events:527:28)
      at IncomingMessage.<anonymous> (/Users/ihyelin/.yarn/lib/cli.js:141784:12)
      at Object.onceWrapper (node:events:641:28)
      at IncomingMessage.emit (node:events:539:35)
      at endReadableNT (node:internal/streams/readable:1345:12)
      at processTicksAndRejections (node:internal/process/task_queues:83:21)

npm manifest: 
  {
    "name": "som_project",
    "version": "0.1.0",
    "private": true,
    "dependencies": {
      "@fortawesome/fontawesome-svg-core": "^6.1.2",
      "@fortawesome/free-regular-svg-icons": "^6.1.2",
      "@fortawesome/free-solid-svg-icons": "^6.1.2",
      "@fortawesome/react-fontawesome": "^0.2.0",
      "@testing-library/jest-dom": "^5.16.5",
      "@testing-library/react": "^13.3.0",
      "@testing-library/user-event": "^13.5.0",
      "babel-plugin-macros": "^3.1.0",
      "node-sass": "^7.0.1",
      "react": "^18.2.0",
      "react-calendar": "^3.7.0",
      "react-dom": "^18.2.0",
      "react-js-pagination": "^3.0.2",
      "react-router-dom": "^6.4.2",
      "react-scripts": "^2.1.3",
      "react-uploader": "^2.1.0",
      "uploader": "^3.9.0",
      "web-vitals": "^2.1.4"
    },
    "scripts": {
      "start": "react-scripts start",
      "build": "react-scripts build",
      "test": "react-scripts test",
      "eject": "react-scripts eject"
    },
    "eslintConfig": {
      "extends": [
        "react-app",
        "react-app/jest"
      ]
    },
    "browserslist": {
      "production": [
        ">0.2%",
        "not dead",
        "not op_mini all"
      ],
      "development": [
        "last 1 chrome version",
        "last 1 firefox version",
        "last 1 safari version"
      ]
    }
  }

yarn manifest: 
  No manifest

Lockfile: 
  No lockfile
